
  .   ____          _            __ _ _
 /\\ / ___'_ __ _ _(_)_ __  __ _ \ \ \ \
( ( )\___ | '_ | '_| | '_ \/ _` | \ \ \ \
 \\/  ___)| |_)| | | | | || (_| |  ) ) ) )
  '  |____| .__|_| |_|_| |_\__, | / / / /
 =========|_|==============|___/=/_/_/_/
[32m :: Spring Boot :: [39m              [2m (v3.2.0)[0;39m

[2m2025-08-12T01:16:53.490+01:00[0;39m [32m INFO[0;39m [35m43611[0;39m [2m---[0;39m [2m[           main][0;39m [2m[0;39m[36mc.c.perfume.PerfumeCatalogApplication   [0;39m [2m:[0;39m Starting PerfumeCatalogApplication v1.0.0 using Java 24.0.1 with PID 43611 (/Users/Younes/Desktop/other-projects/catalog hakim/backend/target/perfume-catalog-1.0.0.jar started by Younes in /Users/Younes/Desktop/other-projects/catalog hakim/backend)
[2m2025-08-12T01:16:53.496+01:00[0;39m [32mDEBUG[0;39m [35m43611[0;39m [2m---[0;39m [2m[           main][0;39m [2m[0;39m[36mc.c.perfume.PerfumeCatalogApplication   [0;39m [2m:[0;39m Running with Spring Boot v3.2.0, Spring v6.1.1
[2m2025-08-12T01:16:53.498+01:00[0;39m [32m INFO[0;39m [35m43611[0;39m [2m---[0;39m [2m[           main][0;39m [2m[0;39m[36mc.c.perfume.PerfumeCatalogApplication   [0;39m [2m:[0;39m No active profile set, falling back to 1 default profile: "default"
[2m2025-08-12T01:16:55.206+01:00[0;39m [32m INFO[0;39m [35m43611[0;39m [2m---[0;39m [2m[           main][0;39m [2m[0;39m[36m.s.d.r.c.RepositoryConfigurationDelegate[0;39m [2m:[0;39m Bootstrapping Spring Data JPA repositories in DEFAULT mode.
[2m2025-08-12T01:16:55.324+01:00[0;39m [32m INFO[0;39m [35m43611[0;39m [2m---[0;39m [2m[           main][0;39m [2m[0;39m[36m.s.d.r.c.RepositoryConfigurationDelegate[0;39m [2m:[0;39m Finished Spring Data repository scanning in 97 ms. Found 4 JPA repository interfaces.
WARNING: A restricted method in java.lang.System has been called
WARNING: java.lang.System::load has been called by org.apache.tomcat.jni.Library in an unnamed module (jar:nested:/Users/Younes/Desktop/other-projects/catalog hakim/backend/target/perfume-catalog-1.0.0.jar/!BOOT-INF/lib/tomcat-embed-core-10.1.16.jar!/)
WARNING: Use --enable-native-access=ALL-UNNAMED to avoid a warning for callers in this module
WARNING: Restricted methods will be blocked in a future release unless native access is enabled

[2m2025-08-12T01:16:57.581+01:00[0;39m [32m INFO[0;39m [35m43611[0;39m [2m---[0;39m [2m[           main][0;39m [2m[0;39m[36mo.s.b.w.embedded.tomcat.TomcatWebServer [0;39m [2m:[0;39m Tomcat initialized with port 8080 (http)
[2m2025-08-12T01:16:57.622+01:00[0;39m [32m INFO[0;39m [35m43611[0;39m [2m---[0;39m [2m[           main][0;39m [2m[0;39m[36mo.apache.catalina.core.StandardService  [0;39m [2m:[0;39m Starting service [Tomcat]
[2m2025-08-12T01:16:57.623+01:00[0;39m [32m INFO[0;39m [35m43611[0;39m [2m---[0;39m [2m[           main][0;39m [2m[0;39m[36mo.apache.catalina.core.StandardEngine   [0;39m [2m:[0;39m Starting Servlet engine: [Apache Tomcat/10.1.16]
[2m2025-08-12T01:16:57.703+01:00[0;39m [32m INFO[0;39m [35m43611[0;39m [2m---[0;39m [2m[           main][0;39m [2m[0;39m[36mo.a.c.c.C.[Tomcat].[localhost].[/api]   [0;39m [2m:[0;39m Initializing Spring embedded WebApplicationContext
[2m2025-08-12T01:16:57.704+01:00[0;39m [32m INFO[0;39m [35m43611[0;39m [2m---[0;39m [2m[           main][0;39m [2m[0;39m[36mw.s.c.ServletWebServerApplicationContext[0;39m [2m:[0;39m Root WebApplicationContext: initialization completed in 3967 ms
[2m2025-08-12T01:16:58.090+01:00[0;39m [32m INFO[0;39m [35m43611[0;39m [2m---[0;39m [2m[           main][0;39m [2m[0;39m[36mo.hibernate.jpa.internal.util.LogHelper [0;39m [2m:[0;39m HHH000204: Processing PersistenceUnitInfo [name: default]
[2m2025-08-12T01:16:58.264+01:00[0;39m [32m INFO[0;39m [35m43611[0;39m [2m---[0;39m [2m[           main][0;39m [2m[0;39m[36morg.hibernate.Version                   [0;39m [2m:[0;39m HHH000412: Hibernate ORM core version 6.3.1.Final
[2m2025-08-12T01:16:58.365+01:00[0;39m [32m INFO[0;39m [35m43611[0;39m [2m---[0;39m [2m[           main][0;39m [2m[0;39m[36mo.h.c.internal.RegionFactoryInitiator   [0;39m [2m:[0;39m HHH000026: Second-level cache disabled
[2m2025-08-12T01:16:59.000+01:00[0;39m [32m INFO[0;39m [35m43611[0;39m [2m---[0;39m [2m[           main][0;39m [2m[0;39m[36mo.s.o.j.p.SpringPersistenceUnitInfo     [0;39m [2m:[0;39m No LoadTimeWeaver setup: ignoring JPA class transformer
[2m2025-08-12T01:16:59.081+01:00[0;39m [32m INFO[0;39m [35m43611[0;39m [2m---[0;39m [2m[           main][0;39m [2m[0;39m[36mcom.zaxxer.hikari.HikariDataSource      [0;39m [2m:[0;39m HikariPool-1 - Starting...
[2m2025-08-12T01:16:59.389+01:00[0;39m [32m INFO[0;39m [35m43611[0;39m [2m---[0;39m [2m[           main][0;39m [2m[0;39m[36mcom.zaxxer.hikari.pool.HikariPool       [0;39m [2m:[0;39m HikariPool-1 - Added connection org.postgresql.jdbc.PgConnection@1471b98d
[2m2025-08-12T01:16:59.392+01:00[0;39m [32m INFO[0;39m [35m43611[0;39m [2m---[0;39m [2m[           main][0;39m [2m[0;39m[36mcom.zaxxer.hikari.HikariDataSource      [0;39m [2m:[0;39m HikariPool-1 - Start completed.
[2m2025-08-12T01:16:59.465+01:00[0;39m [33m WARN[0;39m [35m43611[0;39m [2m---[0;39m [2m[           main][0;39m [2m[0;39m[36morg.hibernate.orm.deprecation           [0;39m [2m:[0;39m HHH90000025: PostgreSQLDialect does not need to be specified explicitly using 'hibernate.dialect' (remove the property setting and it will be selected by default)
[2m2025-08-12T01:17:02.449+01:00[0;39m [32m INFO[0;39m [35m43611[0;39m [2m---[0;39m [2m[           main][0;39m [2m[0;39m[36mo.h.e.t.j.p.i.JtaPlatformInitiator      [0;39m [2m:[0;39m HHH000489: No JTA platform available (set 'hibernate.transaction.jta.platform' to enable JTA platform integration)
[2m2025-08-12T01:17:02.752+01:00[0;39m [32m INFO[0;39m [35m43611[0;39m [2m---[0;39m [2m[           main][0;39m [2m[0;39m[36mj.LocalContainerEntityManagerFactoryBean[0;39m [2m:[0;39m Initialized JPA EntityManagerFactory for persistence unit 'default'
[2m2025-08-12T01:17:03.964+01:00[0;39m [32mDEBUG[0;39m [35m43611[0;39m [2m---[0;39m [2m[           main][0;39m [2m[0;39m[36mc.c.p.security.JwtAuthenticationFilter  [0;39m [2m:[0;39m Filter 'jwtAuthenticationFilter' configured for use
[2m2025-08-12T01:17:04.117+01:00[0;39m [32m INFO[0;39m [35m43611[0;39m [2m---[0;39m [2m[           main][0;39m [2m[0;39m[36mo.s.d.j.r.query.QueryEnhancerFactory    [0;39m [2m:[0;39m Hibernate is in classpath; If applicable, HQL parser will be used.
[2m2025-08-12T01:17:07.359+01:00[0;39m [33m WARN[0;39m [35m43611[0;39m [2m---[0;39m [2m[           main][0;39m [2m[0;39m[36mJpaBaseConfiguration$JpaWebConfiguration[0;39m [2m:[0;39m spring.jpa.open-in-view is enabled by default. Therefore, database queries may be performed during view rendering. Explicitly configure spring.jpa.open-in-view to disable this warning
[2m2025-08-12T01:17:08.169+01:00[0;39m [32m INFO[0;39m [35m43611[0;39m [2m---[0;39m [2m[           main][0;39m [2m[0;39m[36mo.s.s.web.DefaultSecurityFilterChain    [0;39m [2m:[0;39m Will secure any request with [org.springframework.security.web.session.DisableEncodeUrlFilter@37a53e65, org.springframework.security.web.context.request.async.WebAsyncManagerIntegrationFilter@69b9ea1d, org.springframework.security.web.context.SecurityContextHolderFilter@1e26bf55, org.springframework.security.web.header.HeaderWriterFilter@5ecc8114, org.springframework.web.filter.CorsFilter@7b6b3ed6, org.springframework.security.web.authentication.logout.LogoutFilter@6a7b523b, com.cataloghakim.perfume.security.JwtAuthenticationFilter@7b6b466a, org.springframework.security.web.savedrequest.RequestCacheAwareFilter@7ef59e5d, org.springframework.security.web.servletapi.SecurityContextHolderAwareRequestFilter@70b9cdcc, org.springframework.security.web.authentication.AnonymousAuthenticationFilter@762cfcc1, org.springframework.security.web.session.SessionManagementFilter@3453014b, org.springframework.security.web.access.ExceptionTranslationFilter@705b4359, org.springframework.security.web.access.intercept.AuthorizationFilter@6dc6608c]
[2m2025-08-12T01:17:08.846+01:00[0;39m [32m INFO[0;39m [35m43611[0;39m [2m---[0;39m [2m[           main][0;39m [2m[0;39m[36mo.s.b.w.embedded.tomcat.TomcatWebServer [0;39m [2m:[0;39m Tomcat started on port 8080 (http) with context path '/api'
[2m2025-08-12T01:17:08.867+01:00[0;39m [32m INFO[0;39m [35m43611[0;39m [2m---[0;39m [2m[           main][0;39m [2m[0;39m[36mc.c.perfume.PerfumeCatalogApplication   [0;39m [2m:[0;39m Started PerfumeCatalogApplication in 16.441 seconds (process running for 17.469)
